<?xml version="1.0" encoding="UTF-8"?>
<TestRun id="3aa38e52-75a1-4b64-b037-578546e48a17" name="abrunela@PC2-INFO6 2012-11-28 10:44:08" runUser="EDUC\abrunela" xmlns="http://microsoft.com/schemas/VisualStudio/TeamTest/2010">
  <TestSettings name="Local" id="f1d7acff-5c14-4606-8cfb-ad01842aec5f">
    <Description>Il s'agit des paramètres de test par défaut pour une série de tests locale.</Description>
    <Deployment enabled="false" runDeploymentRoot="abrunela_PC2-INFO6 2012-11-28 10_44_08">
      <DeploymentItem filename="H:\Documents\Nouveau dossier\ProjetPoo\ModelingProjectNew\ModelingProject1Lib\bin\Debug\ModelingProject1Lib.dll" />
    </Deployment>
    <Execution>
      <TestTypeSpecific />
      <AgentRule name="Execution Agents">
      </AgentRule>
    </Execution>
  </TestSettings>
  <Times creation="2012-11-28T10:44:08.5979573+01:00" queuing="2012-11-28T10:44:08.7611557+01:00" start="2012-11-28T10:44:08.7611557+01:00" finish="2012-11-28T10:44:09.1511357+01:00" />
  <ResultSummary outcome="Inconclusive">
    <Counters total="1" executed="1" error="0" failed="0" timeout="0" aborted="0" inconclusive="1" passedButRunAborted="0" notRunnable="0" notExecuted="0" disconnected="0" warning="0" passed="0" completed="0" inProgress="0" pending="0" />
  </ResultSummary>
  <TestDefinitions>
    <UnitTest name="HPTest" storage="h:\documents\nouveau dossier\projetpoo\modelingprojectnew\testproject1\bin\debug\testproject1.dll" id="f50d23ec-c7c2-f2f6-736e-571d11f64f33">
      <Execution id="e640cda0-c519-43e6-8bab-6fc7a83039f5" />
      <TestMethod codeBase="H:/Documents/Nouveau dossier/ProjetPoo/ModelingProjectNew/TestProject1/bin/Debug/TestProject1.DLL" adapterTypeName="Microsoft.VisualStudio.TestTools.TestTypes.Unit.UnitTestAdapter, Microsoft.VisualStudio.QualityTools.Tips.UnitTest.Adapter, Version=10.0.0.0, Culture=neutral, PublicKeyToken=b03f5f7f11d50a3a" className="TestProject1.UnitTest, TestProject1, Version=1.0.0.0, Culture=neutral, PublicKeyToken=null" name="HPTest" />
    </UnitTest>
  </TestDefinitions>
  <TestLists>
    <TestList name="Les résultats ne figurent pas dans une liste" id="8c84fa94-04c1-424b-9868-57a2d4851a1d" />
    <TestList name="Tous les résultats chargés" id="19431567-8539-422a-85d7-44ee4e166bda" />
  </TestLists>
  <TestEntries>
    <TestEntry testId="f50d23ec-c7c2-f2f6-736e-571d11f64f33" executionId="e640cda0-c519-43e6-8bab-6fc7a83039f5" testListId="8c84fa94-04c1-424b-9868-57a2d4851a1d" />
  </TestEntries>
  <Results>
    <UnitTestResult executionId="e640cda0-c519-43e6-8bab-6fc7a83039f5" testId="f50d23ec-c7c2-f2f6-736e-571d11f64f33" testName="HPTest" computerName="PC2-INFO6" duration="00:00:00.0884209" startTime="2012-11-28T10:44:08.7767549+01:00" endTime="2012-11-28T10:44:09.1355365+01:00" testType="13cdc9d9-ddb5-4fa4-a97d-d965ccfc6d4b" outcome="Inconclusive" testListId="8c84fa94-04c1-424b-9868-57a2d4851a1d" relativeResultsDirectory="e640cda0-c519-43e6-8bab-6fc7a83039f5">
      <Output>
        <ErrorInfo>
          <Message>Échec de Assert.Inconclusive. Vérifiez l'exactitude de cette méthode de test.</Message>
          <StackTrace>   à TestProject1.UnitTest.HPTest() dans H:\Documents\Nouveau dossier\ProjetPoo\ModelingProjectNew\TestProject1\UnitTest.cs:ligne 79
</StackTrace>
        </ErrorInfo>
      </Output>
    </UnitTestResult>
  </Results>
</TestRun>