<?xml version="1.0" encoding="UTF-8"?>
<TestRun id="f31c5004-8a4f-44ae-9d85-f7dd66fa5ee8" name="abrunela@PC2-INFO6 2012-11-28 10:43:03" runUser="EDUC\abrunela" xmlns="http://microsoft.com/schemas/VisualStudio/TeamTest/2010">
  <TestSettings name="Local" id="f1d7acff-5c14-4606-8cfb-ad01842aec5f">
    <Description>Il s'agit des paramètres de test par défaut pour une série de tests locale.</Description>
    <Deployment enabled="false" runDeploymentRoot="abrunela_PC2-INFO6 2012-11-28 10_43_03">
      <DeploymentItem filename="H:\Documents\Nouveau dossier\ProjetPoo\ModelingProjectNew\ModelingProject1Lib\bin\Debug\ModelingProject1Lib.dll" />
    </Deployment>
    <Execution>
      <TestTypeSpecific />
      <AgentRule name="Execution Agents">
      </AgentRule>
    </Execution>
  </TestSettings>
  <Times creation="2012-11-28T10:43:03.7345061+01:00" queuing="2012-11-28T10:43:03.8437061+01:00" start="2012-11-28T10:43:03.8593061+01:00" finish="2012-11-28T10:43:04.2025061+01:00" />
  <ResultSummary outcome="Inconclusive">
    <Counters total="1" executed="1" error="0" failed="0" timeout="0" aborted="0" inconclusive="1" passedButRunAborted="0" notRunnable="0" notExecuted="0" disconnected="0" warning="0" passed="0" completed="0" inProgress="0" pending="0" />
  </ResultSummary>
  <TestDefinitions>
    <UnitTest name="HPTest1" storage="h:\documents\nouveau dossier\projetpoo\modelingprojectnew\testproject1\bin\debug\testproject1.dll" id="72809ec9-61d5-8e60-55d0-c56dcedc1749">
      <Execution id="0bf698f8-0092-46cf-92ec-2478c32dc02e" />
      <TestMethod codeBase="H:/Documents/Nouveau dossier/ProjetPoo/ModelingProjectNew/TestProject1/bin/Debug/TestProject1.DLL" adapterTypeName="Microsoft.VisualStudio.TestTools.TestTypes.Unit.UnitTestAdapter, Microsoft.VisualStudio.QualityTools.Tips.UnitTest.Adapter, Version=10.0.0.0, Culture=neutral, PublicKeyToken=b03f5f7f11d50a3a" className="TestProject1.UnitTest, TestProject1, Version=1.0.0.0, Culture=neutral, PublicKeyToken=null" name="HPTest1" />
    </UnitTest>
  </TestDefinitions>
  <TestLists>
    <TestList name="Les résultats ne figurent pas dans une liste" id="8c84fa94-04c1-424b-9868-57a2d4851a1d" />
    <TestList name="Tous les résultats chargés" id="19431567-8539-422a-85d7-44ee4e166bda" />
  </TestLists>
  <TestEntries>
    <TestEntry testId="72809ec9-61d5-8e60-55d0-c56dcedc1749" executionId="0bf698f8-0092-46cf-92ec-2478c32dc02e" testListId="8c84fa94-04c1-424b-9868-57a2d4851a1d" />
  </TestEntries>
  <Results>
    <UnitTestResult executionId="0bf698f8-0092-46cf-92ec-2478c32dc02e" testId="72809ec9-61d5-8e60-55d0-c56dcedc1749" testName="HPTest1" computerName="PC2-INFO6" duration="00:00:00.0771559" startTime="2012-11-28T10:43:03.8749061+01:00" endTime="2012-11-28T10:43:04.1869061+01:00" testType="13cdc9d9-ddb5-4fa4-a97d-d965ccfc6d4b" outcome="Inconclusive" testListId="8c84fa94-04c1-424b-9868-57a2d4851a1d" relativeResultsDirectory="0bf698f8-0092-46cf-92ec-2478c32dc02e">
      <Output>
        <ErrorInfo>
          <Message>Échec de Assert.Inconclusive. Vérifiez l'exactitude de cette méthode de test.</Message>
          <StackTrace>   à TestProject1.UnitTest.HPTest1() dans H:\Documents\Nouveau dossier\ProjetPoo\ModelingProjectNew\TestProject1\UnitTest.cs:ligne 94
</StackTrace>
        </ErrorInfo>
      </Output>
    </UnitTestResult>
  </Results>
</TestRun>