<?xml version="1.0" encoding="UTF-8"?>
<TestRun id="31f06894-6994-4800-825f-5cf7f4aa4b4d" name="abrunela@PC2-INFO6 2012-11-28 11:03:36" runUser="EDUC\abrunela" xmlns="http://microsoft.com/schemas/VisualStudio/TeamTest/2010">
  <TestSettings name="Local" id="f1d7acff-5c14-4606-8cfb-ad01842aec5f">
    <Description>Il s'agit des paramètres de test par défaut pour une série de tests locale.</Description>
    <Deployment enabled="false" runDeploymentRoot="abrunela_PC2-INFO6 2012-11-28 11_03_36">
      <DeploymentItem filename="H:\Documents\Nouveau dossier\ProjetPoo\ModelingProjectNew\ModelingProject1Lib\bin\Debug\ModelingProject1Lib.dll" />
    </Deployment>
    <Execution>
      <TestTypeSpecific />
      <AgentRule name="Execution Agents">
      </AgentRule>
    </Execution>
  </TestSettings>
  <Times creation="2012-11-28T11:03:36.2738229+01:00" queuing="2012-11-28T11:03:36.4610229+01:00" start="2012-11-28T11:03:36.4610229+01:00" finish="2012-11-28T11:03:42.0770229+01:00" />
  <ResultSummary outcome="Error">
    <Counters total="1" executed="1" error="1" failed="0" timeout="0" aborted="0" inconclusive="0" passedButRunAborted="0" notRunnable="0" notExecuted="0" disconnected="0" warning="0" passed="0" completed="0" inProgress="0" pending="0" />
  </ResultSummary>
  <TestDefinitions>
    <UnitTest name="HPTest" storage="h:\documents\nouveau dossier\projetpoo\modelingprojectnew\testproject1\bin\debug\testproject1.dll" id="f50d23ec-c7c2-f2f6-736e-571d11f64f33">
      <Execution id="4f387c9d-e073-4843-afde-04bfd0dab158" />
      <TestMethod codeBase="H:/Documents/Nouveau dossier/ProjetPoo/ModelingProjectNew/TestProject1/bin/Debug/TestProject1.DLL" adapterTypeName="Microsoft.VisualStudio.TestTools.TestTypes.Unit.UnitTestAdapter, Microsoft.VisualStudio.QualityTools.Tips.UnitTest.Adapter, Version=10.0.0.0, Culture=neutral, PublicKeyToken=b03f5f7f11d50a3a" className="TestProject1.UnitTest, TestProject1, Version=1.0.0.0, Culture=neutral, PublicKeyToken=null" name="HPTest" />
    </UnitTest>
  </TestDefinitions>
  <TestLists>
    <TestList name="Les résultats ne figurent pas dans une liste" id="8c84fa94-04c1-424b-9868-57a2d4851a1d" />
    <TestList name="Tous les résultats chargés" id="19431567-8539-422a-85d7-44ee4e166bda" />
  </TestLists>
  <TestEntries>
    <TestEntry testId="f50d23ec-c7c2-f2f6-736e-571d11f64f33" executionId="4f387c9d-e073-4843-afde-04bfd0dab158" testListId="8c84fa94-04c1-424b-9868-57a2d4851a1d" />
  </TestEntries>
  <Results>
    <UnitTestResult executionId="4f387c9d-e073-4843-afde-04bfd0dab158" testId="f50d23ec-c7c2-f2f6-736e-571d11f64f33" testName="HPTest" computerName="PC2-INFO6" startTime="2012-11-28T11:03:36.5234229+01:00" endTime="2012-11-28T11:03:42.0614229+01:00" testType="13cdc9d9-ddb5-4fa4-a97d-d965ccfc6d4b" testListId="8c84fa94-04c1-424b-9868-57a2d4851a1d" relativeResultsDirectory="4f387c9d-e073-4843-afde-04bfd0dab158">
      <Output>
        <ErrorInfo>
          <Message>Le processus Agent s'est arrêté pendant l'exécution du test.</Message>
        </ErrorInfo>
      </Output>
    </UnitTestResult>
  </Results>
</TestRun>