<?xml version="1.0" encoding="UTF-8"?>
<TestRun id="4a13d709-1804-445c-a2dc-5c72dd6c4dec" name="abrunela@PC2-INFO6 2012-11-28 10:55:42" runUser="EDUC\abrunela" xmlns="http://microsoft.com/schemas/VisualStudio/TeamTest/2010">
  <TestSettings name="Local" id="f1d7acff-5c14-4606-8cfb-ad01842aec5f">
    <Description>Il s'agit des paramètres de test par défaut pour une série de tests locale.</Description>
    <Deployment enabled="false" runDeploymentRoot="abrunela_PC2-INFO6 2012-11-28 10_55_42">
      <DeploymentItem filename="H:\Documents\Nouveau dossier\ProjetPoo\ModelingProjectNew\ModelingProject1Lib\bin\Debug\ModelingProject1Lib.dll" />
    </Deployment>
    <Execution>
      <TestTypeSpecific />
      <AgentRule name="Execution Agents">
      </AgentRule>
    </Execution>
  </TestSettings>
  <Times creation="2012-11-28T10:55:42.6258229+01:00" queuing="2012-11-28T10:55:42.8368229+01:00" start="2012-11-28T10:55:42.8700229+01:00" finish="2012-11-28T10:55:43.1976229+01:00" />
  <ResultSummary outcome="Completed">
    <Counters total="1" executed="1" passed="1" error="0" failed="0" timeout="0" aborted="0" inconclusive="0" passedButRunAborted="0" notRunnable="0" notExecuted="0" disconnected="0" warning="0" completed="0" inProgress="0" pending="0" />
  </ResultSummary>
  <TestDefinitions>
    <UnitTest name="HPTest" storage="h:\documents\nouveau dossier\projetpoo\modelingprojectnew\testproject1\bin\debug\testproject1.dll" id="f50d23ec-c7c2-f2f6-736e-571d11f64f33">
      <Execution id="3901a916-1ece-4eab-800d-43955eddf19e" />
      <TestMethod codeBase="H:/Documents/Nouveau dossier/ProjetPoo/ModelingProjectNew/TestProject1/bin/Debug/TestProject1.DLL" adapterTypeName="Microsoft.VisualStudio.TestTools.TestTypes.Unit.UnitTestAdapter, Microsoft.VisualStudio.QualityTools.Tips.UnitTest.Adapter, Version=10.0.0.0, Culture=neutral, PublicKeyToken=b03f5f7f11d50a3a" className="TestProject1.UnitTest, TestProject1, Version=1.0.0.0, Culture=neutral, PublicKeyToken=null" name="HPTest" />
    </UnitTest>
  </TestDefinitions>
  <TestLists>
    <TestList name="Les résultats ne figurent pas dans une liste" id="8c84fa94-04c1-424b-9868-57a2d4851a1d" />
    <TestList name="Tous les résultats chargés" id="19431567-8539-422a-85d7-44ee4e166bda" />
  </TestLists>
  <TestEntries>
    <TestEntry testId="f50d23ec-c7c2-f2f6-736e-571d11f64f33" executionId="3901a916-1ece-4eab-800d-43955eddf19e" testListId="8c84fa94-04c1-424b-9868-57a2d4851a1d" />
  </TestEntries>
  <Results>
    <UnitTestResult executionId="3901a916-1ece-4eab-800d-43955eddf19e" testId="f50d23ec-c7c2-f2f6-736e-571d11f64f33" testName="HPTest" computerName="PC2-INFO6" duration="00:00:00.0313621" startTime="2012-11-28T10:55:42.8856229+01:00" endTime="2012-11-28T10:55:43.1664229+01:00" testType="13cdc9d9-ddb5-4fa4-a97d-d965ccfc6d4b" outcome="Passed" testListId="8c84fa94-04c1-424b-9868-57a2d4851a1d" relativeResultsDirectory="3901a916-1ece-4eab-800d-43955eddf19e">
    </UnitTestResult>
  </Results>
</TestRun>