<?xml version="1.0" encoding="UTF-8"?>
<TestRun id="19b6c4c4-42d5-4753-bef5-cde924e480c5" name="abrunela@PC2-INFO6 2012-11-28 11:02:15" runUser="EDUC\abrunela" xmlns="http://microsoft.com/schemas/VisualStudio/TeamTest/2010">
  <TestSettings name="Local" id="f1d7acff-5c14-4606-8cfb-ad01842aec5f">
    <Description>Il s'agit des paramètres de test par défaut pour une série de tests locale.</Description>
    <Deployment enabled="false" runDeploymentRoot="abrunela_PC2-INFO6 2012-11-28 11_02_15">
      <DeploymentItem filename="H:\Documents\Nouveau dossier\ProjetPoo\ModelingProjectNew\ModelingProject1Lib\bin\Debug\ModelingProject1Lib.dll" />
    </Deployment>
    <Execution>
      <TestTypeSpecific />
      <AgentRule name="Execution Agents">
      </AgentRule>
    </Execution>
  </TestSettings>
  <Times creation="2012-11-28T11:02:15.4296229+01:00" queuing="2012-11-28T11:02:15.6148229+01:00" start="2012-11-28T11:02:15.6148229+01:00" finish="2012-11-28T11:02:16.4572229+01:00" />
  <ResultSummary outcome="Failed">
    <Counters total="1" executed="1" error="0" failed="1" timeout="0" aborted="0" inconclusive="0" passedButRunAborted="0" notRunnable="0" notExecuted="0" disconnected="0" warning="0" passed="0" completed="0" inProgress="0" pending="0" />
  </ResultSummary>
  <TestDefinitions>
    <UnitTest name="HPTest" storage="h:\documents\nouveau dossier\projetpoo\modelingprojectnew\testproject1\bin\debug\testproject1.dll" id="f50d23ec-c7c2-f2f6-736e-571d11f64f33">
      <Execution id="a84c8483-e79d-45bb-97d9-d3b4109f81d9" />
      <TestMethod codeBase="H:/Documents/Nouveau dossier/ProjetPoo/ModelingProjectNew/TestProject1/bin/Debug/TestProject1.DLL" adapterTypeName="Microsoft.VisualStudio.TestTools.TestTypes.Unit.UnitTestAdapter, Microsoft.VisualStudio.QualityTools.Tips.UnitTest.Adapter, Version=10.0.0.0, Culture=neutral, PublicKeyToken=b03f5f7f11d50a3a" className="TestProject1.UnitTest, TestProject1, Version=1.0.0.0, Culture=neutral, PublicKeyToken=null" name="HPTest" />
    </UnitTest>
  </TestDefinitions>
  <TestLists>
    <TestList name="Les résultats ne figurent pas dans une liste" id="8c84fa94-04c1-424b-9868-57a2d4851a1d" />
    <TestList name="Tous les résultats chargés" id="19431567-8539-422a-85d7-44ee4e166bda" />
  </TestLists>
  <TestEntries>
    <TestEntry testId="f50d23ec-c7c2-f2f6-736e-571d11f64f33" executionId="a84c8483-e79d-45bb-97d9-d3b4109f81d9" testListId="8c84fa94-04c1-424b-9868-57a2d4851a1d" />
  </TestEntries>
  <Results>
    <UnitTestResult executionId="a84c8483-e79d-45bb-97d9-d3b4109f81d9" testId="f50d23ec-c7c2-f2f6-736e-571d11f64f33" testName="HPTest" computerName="PC2-INFO6" duration="00:00:00.1177957" startTime="2012-11-28T11:02:15.8488229+01:00" endTime="2012-11-28T11:02:16.3948229+01:00" testType="13cdc9d9-ddb5-4fa4-a97d-d965ccfc6d4b" outcome="Failed" testListId="8c84fa94-04c1-424b-9868-57a2d4851a1d" relativeResultsDirectory="a84c8483-e79d-45bb-97d9-d3b4109f81d9">
      <Output>
        <ErrorInfo>
          <Message>Échec de Assert.AreEqual. Attendu : &lt;-50&gt;, Réel : &lt;0&gt;. </Message>
          <StackTrace>   à TestProject1.UnitTest.HPTest() dans H:\Documents\Nouveau dossier\ProjetPoo\ModelingProjectNew\TestProject1\UnitTest.cs:ligne 78
</StackTrace>
        </ErrorInfo>
      </Output>
    </UnitTestResult>
  </Results>
</TestRun>