<?xml version="1.0" encoding="UTF-8"?>
<TestRun id="93a19e85-d54c-4eb2-8e24-68ce9724553c" name="abrunela@PC2-INFO6 2012-11-28 10:42:50" runUser="EDUC\abrunela" xmlns="http://microsoft.com/schemas/VisualStudio/TeamTest/2010">
  <TestSettings name="Local" id="f1d7acff-5c14-4606-8cfb-ad01842aec5f">
    <Description>Il s'agit des paramètres de test par défaut pour une série de tests locale.</Description>
    <Deployment enabled="false" runDeploymentRoot="abrunela_PC2-INFO6 2012-11-28 10_42_50">
      <DeploymentItem filename="H:\Documents\Nouveau dossier\ProjetPoo\ModelingProjectNew\ModelingProject1Lib\bin\Debug\ModelingProject1Lib.dll" />
    </Deployment>
    <Execution>
      <TestTypeSpecific />
      <AgentRule name="Execution Agents">
      </AgentRule>
    </Execution>
  </TestSettings>
  <Times creation="2012-11-28T10:42:50.8801061+01:00" queuing="2012-11-28T10:42:50.9737061+01:00" start="2012-11-28T10:42:50.9893061+01:00" finish="2012-11-28T10:42:51.3637061+01:00" />
  <ResultSummary outcome="Inconclusive">
    <Counters total="3" executed="3" passed="1" error="0" failed="0" timeout="0" aborted="0" inconclusive="2" passedButRunAborted="0" notRunnable="0" notExecuted="0" disconnected="0" warning="0" completed="0" inProgress="0" pending="0" />
  </ResultSummary>
  <TestDefinitions>
    <UnitTest name="HPTest2" storage="h:\documents\nouveau dossier\projetpoo\modelingprojectnew\testproject1\bin\debug\testproject1.dll" id="cd806038-c4b9-e6f9-0998-3a77d562c6b4">
      <Execution id="8e6f48b7-8bf7-4dfe-a886-f34cb29e199d" />
      <TestMethod codeBase="H:/Documents/Nouveau dossier/ProjetPoo/ModelingProjectNew/TestProject1/bin/Debug/TestProject1.DLL" adapterTypeName="Microsoft.VisualStudio.TestTools.TestTypes.Unit.UnitTestAdapter, Microsoft.VisualStudio.QualityTools.Tips.UnitTest.Adapter, Version=10.0.0.0, Culture=neutral, PublicKeyToken=b03f5f7f11d50a3a" className="TestProject1.UnitTest, TestProject1, Version=1.0.0.0, Culture=neutral, PublicKeyToken=null" name="HPTest2" />
    </UnitTest>
    <UnitTest name="HPTest1" storage="h:\documents\nouveau dossier\projetpoo\modelingprojectnew\testproject1\bin\debug\testproject1.dll" id="72809ec9-61d5-8e60-55d0-c56dcedc1749">
      <Execution id="a812f402-40b8-493e-ae02-0c9537a8d478" />
      <TestMethod codeBase="H:/Documents/Nouveau dossier/ProjetPoo/ModelingProjectNew/TestProject1/bin/Debug/TestProject1.DLL" adapterTypeName="Microsoft.VisualStudio.TestTools.TestTypes.Unit.UnitTestAdapter, Microsoft.VisualStudio.QualityTools.Tips.UnitTest.Adapter, Version=10.0.0.0, Culture=neutral, PublicKeyToken=b03f5f7f11d50a3a" className="TestProject1.UnitTest, TestProject1, Version=1.0.0.0, Culture=neutral, PublicKeyToken=null" name="HPTest1" />
    </UnitTest>
    <UnitTest name="HPTest" storage="h:\documents\nouveau dossier\projetpoo\modelingprojectnew\testproject1\bin\debug\testproject1.dll" id="f50d23ec-c7c2-f2f6-736e-571d11f64f33">
      <Execution id="2a160a70-387b-4f21-8409-8cf53e7fc539" />
      <TestMethod codeBase="H:/Documents/Nouveau dossier/ProjetPoo/ModelingProjectNew/TestProject1/bin/Debug/TestProject1.DLL" adapterTypeName="Microsoft.VisualStudio.TestTools.TestTypes.Unit.UnitTestAdapter, Microsoft.VisualStudio.QualityTools.Tips.UnitTest.Adapter, Version=10.0.0.0, Culture=neutral, PublicKeyToken=b03f5f7f11d50a3a" className="TestProject1.UnitTest, TestProject1, Version=1.0.0.0, Culture=neutral, PublicKeyToken=null" name="HPTest" />
    </UnitTest>
  </TestDefinitions>
  <TestLists>
    <TestList name="Les résultats ne figurent pas dans une liste" id="8c84fa94-04c1-424b-9868-57a2d4851a1d" />
    <TestList name="Tous les résultats chargés" id="19431567-8539-422a-85d7-44ee4e166bda" />
  </TestLists>
  <TestEntries>
    <TestEntry testId="72809ec9-61d5-8e60-55d0-c56dcedc1749" executionId="a812f402-40b8-493e-ae02-0c9537a8d478" testListId="8c84fa94-04c1-424b-9868-57a2d4851a1d" />
    <TestEntry testId="cd806038-c4b9-e6f9-0998-3a77d562c6b4" executionId="8e6f48b7-8bf7-4dfe-a886-f34cb29e199d" testListId="8c84fa94-04c1-424b-9868-57a2d4851a1d" />
    <TestEntry testId="f50d23ec-c7c2-f2f6-736e-571d11f64f33" executionId="2a160a70-387b-4f21-8409-8cf53e7fc539" testListId="8c84fa94-04c1-424b-9868-57a2d4851a1d" />
  </TestEntries>
  <Results>
    <UnitTestResult executionId="a812f402-40b8-493e-ae02-0c9537a8d478" testId="72809ec9-61d5-8e60-55d0-c56dcedc1749" testName="HPTest1" computerName="PC2-INFO6" duration="00:00:00.0854760" startTime="2012-11-28T10:42:51.0049061+01:00" endTime="2012-11-28T10:42:51.3169061+01:00" testType="13cdc9d9-ddb5-4fa4-a97d-d965ccfc6d4b" outcome="Inconclusive" testListId="8c84fa94-04c1-424b-9868-57a2d4851a1d" relativeResultsDirectory="a812f402-40b8-493e-ae02-0c9537a8d478">
      <Output>
        <ErrorInfo>
          <Message>Échec de Assert.Inconclusive. Vérifiez l'exactitude de cette méthode de test.</Message>
          <StackTrace>   à TestProject1.UnitTest.HPTest1() dans H:\Documents\Nouveau dossier\ProjetPoo\ModelingProjectNew\TestProject1\UnitTest.cs:ligne 94
</StackTrace>
        </ErrorInfo>
      </Output>
    </UnitTestResult>
    <UnitTestResult executionId="8e6f48b7-8bf7-4dfe-a886-f34cb29e199d" testId="cd806038-c4b9-e6f9-0998-3a77d562c6b4" testName="HPTest2" computerName="PC2-INFO6" duration="00:00:00.0005717" startTime="2012-11-28T10:42:51.3325061+01:00" endTime="2012-11-28T10:42:51.3325061+01:00" testType="13cdc9d9-ddb5-4fa4-a97d-d965ccfc6d4b" outcome="Inconclusive" testListId="8c84fa94-04c1-424b-9868-57a2d4851a1d" relativeResultsDirectory="8e6f48b7-8bf7-4dfe-a886-f34cb29e199d">
      <Output>
        <ErrorInfo>
          <Message>Échec de Assert.Inconclusive. Vérifiez l'exactitude de cette méthode de test.</Message>
          <StackTrace>   à TestProject1.UnitTest.HPTest2() dans H:\Documents\Nouveau dossier\ProjetPoo\ModelingProjectNew\TestProject1\UnitTest.cs:ligne 109
</StackTrace>
        </ErrorInfo>
      </Output>
    </UnitTestResult>
    <UnitTestResult executionId="2a160a70-387b-4f21-8409-8cf53e7fc539" testId="f50d23ec-c7c2-f2f6-736e-571d11f64f33" testName="HPTest" computerName="PC2-INFO6" duration="00:00:00.0001423" startTime="2012-11-28T10:42:51.3481061+01:00" endTime="2012-11-28T10:42:51.3481061+01:00" testType="13cdc9d9-ddb5-4fa4-a97d-d965ccfc6d4b" outcome="Passed" testListId="8c84fa94-04c1-424b-9868-57a2d4851a1d" relativeResultsDirectory="2a160a70-387b-4f21-8409-8cf53e7fc539">
    </UnitTestResult>
  </Results>
</TestRun>